2025-10-31 00:12:38,937 INFO === TRYING TIMESTEP 50 ===
2025-10-31 00:12:38,938 WARNING Failed to read LH at t=50: NetCDF: HDF error
2025-10-31 00:12:38,945 WARNING Failed to read HFX at t=50: NetCDF: HDF error
2025-10-31 00:12:38,946 INFO === TRYING TIMESTEP 51 ===
2025-10-31 00:12:38,999 WARNING Failed to read W at t=51: NetCDF: HDF error
2025-10-31 00:12:39,000 INFO === TRYING TIMESTEP 52 ===
2025-10-31 00:12:39,001 WARNING Failed to read LH at t=52: NetCDF: HDF error
2025-10-31 00:12:39,004 WARNING Failed to read HFX at t=52: NetCDF: HDF error
2025-10-31 00:12:39,004 INFO === TRYING TIMESTEP 53 ===
2025-10-31 00:12:39,056 WARNING Failed to read W at t=53: NetCDF: HDF error
2025-10-31 00:12:39,056 INFO === TRYING TIMESTEP 54 ===
2025-10-31 00:13:44,796 INFO === TRYING TIMESTEP 50 ===
2025-10-31 00:13:44,796 WARNING Failed to read LH at t=50: NetCDF: HDF error
2025-10-31 00:13:44,797 WARNING Failed to read HFX at t=50: NetCDF: HDF error
2025-10-31 00:13:44,797 INFO === TRYING TIMESTEP 51 ===
2025-10-31 00:13:44,822 WARNING Failed to read W at t=51: NetCDF: HDF error
2025-10-31 00:13:44,823 INFO === TRYING TIMESTEP 52 ===
2025-10-31 00:13:44,824 WARNING Failed to read LH at t=52: NetCDF: HDF error
2025-10-31 00:13:44,824 WARNING Failed to read HFX at t=52: NetCDF: HDF error
2025-10-31 00:13:44,825 INFO === TRYING TIMESTEP 53 ===
2025-10-31 00:13:44,847 WARNING Failed to read W at t=53: NetCDF: HDF error
2025-10-31 00:13:44,847 INFO === TRYING TIMESTEP 54 ===
2025-10-31 00:14:56,481 INFO SUCCESS: Saved figures_crude_robust\crude_t0054.png
2025-10-31 00:14:56,481 INFO === TRYING TIMESTEP 55 ===
2025-10-31 00:16:08,982 INFO SUCCESS: Saved figures_crude_robust\crude_t0055.png
2025-10-31 00:16:08,982 INFO === TRYING TIMESTEP 56 ===
2025-10-31 00:16:09,088 WARNING Failed to read W at t=56: NetCDF: HDF error
2025-10-31 00:16:09,089 INFO === TRYING TIMESTEP 57 ===
2025-10-31 00:17:23,633 INFO SUCCESS: Saved figures_crude_robust\crude_t0057.png
2025-10-31 00:17:23,634 INFO === TRYING TIMESTEP 58 ===
2025-10-31 00:18:34,291 INFO SUCCESS: Saved figures_crude_robust\crude_t0058.png
2025-10-31 00:18:34,292 INFO === TRYING TIMESTEP 59 ===
2025-10-31 00:19:46,464 INFO SUCCESS: Saved figures_crude_robust\crude_t0059.png
2025-10-31 00:19:46,465 INFO === TRYING TIMESTEP 60 ===
2025-10-31 00:20:58,014 INFO SUCCESS: Saved figures_crude_robust\crude_t0060.png
2025-10-31 00:20:58,015 INFO === TRYING TIMESTEP 61 ===
2025-10-31 00:20:58,038 WARNING Failed to read U10 at t=61: NetCDF: HDF error
2025-10-31 00:20:58,040 WARNING Failed to read V10 at t=61: NetCDF: HDF error
2025-10-31 00:20:58,040 INFO === TRYING TIMESTEP 62 ===
2025-10-31 00:20:58,050 WARNING Failed to read LH at t=62: NetCDF: HDF error
2025-10-31 00:20:58,059 INFO === TRYING TIMESTEP 63 ===
2025-10-31 00:20:58,354 WARNING Failed to read W at t=63: NetCDF: HDF error
2025-10-31 00:20:58,354 INFO === TRYING TIMESTEP 64 ===
2025-10-31 00:20:58,511 WARNING Failed to read W at t=64: NetCDF: HDF error
2025-10-31 00:20:58,511 INFO === TRYING TIMESTEP 65 ===
2025-10-31 00:20:58,533 WARNING Failed to read U10 at t=65: NetCDF: HDF error
2025-10-31 00:20:58,534 WARNING Failed to read V10 at t=65: NetCDF: HDF error
2025-10-31 00:20:58,536 INFO === TRYING TIMESTEP 66 ===
2025-10-31 00:22:11,745 INFO SUCCESS: Saved figures_crude_robust\crude_t0066.png
2025-10-31 00:22:11,745 INFO === TRYING TIMESTEP 67 ===
2025-10-31 00:22:12,043 WARNING Failed to read W at t=67: NetCDF: HDF error
2025-10-31 00:22:12,044 INFO === TRYING TIMESTEP 68 ===
2025-10-31 00:23:23,237 INFO SUCCESS: Saved figures_crude_robust\crude_t0068.png
2025-10-31 00:23:23,238 INFO === TRYING TIMESTEP 69 ===
2025-10-31 00:23:23,370 WARNING Failed to read W at t=69: NetCDF: HDF error
2025-10-31 00:23:23,371 INFO === TRYING TIMESTEP 70 ===
2025-10-31 00:24:36,052 INFO SUCCESS: Saved figures_crude_robust\crude_t0070.png
2025-10-31 00:24:36,053 INFO === TRYING TIMESTEP 71 ===
2025-10-31 00:25:49,682 INFO SUCCESS: Saved figures_crude_robust\crude_t0071.png
2025-10-31 00:25:49,682 INFO === TRYING TIMESTEP 72 ===
2025-10-31 00:26:59,731 INFO SUCCESS: Saved figures_crude_robust\crude_t0072.png
2025-10-31 00:26:59,748 INFO Finished. Elapsed 795.0s
