2025-10-25 14:51:31,258 - INFO - Script started at: 2025-10-25 14:51:31
2025-10-25 14:51:31,258 - INFO - Loading WRF data...
2025-10-25 14:51:31,295 - INFO - Processing timesteps 50 to 72
2025-10-25 14:51:31,295 - INFO - Processing timestep 50
2025-10-25 14:51:31,296 - ERROR - Error processing timestep 50: NetCDF: HDF error
2025-10-25 14:51:31,296 - INFO - Processing timestep 51
2025-10-25 14:51:31,310 - INFO - Timestep 51 - Initial center (min surface pressure): 24.40°, -83.88°
2025-10-25 14:51:31,311 - INFO - Timestep 51 - Using 16 processes for 1681 candidates
2025-10-25 14:52:41,475 - INFO - Timestep 51 - Refined center (eyewall-based max tangential wind): 24.47°, -84.00°
2025-10-25 14:52:43,175 - INFO - Timestep 51 - Plot saved to figures\hurricane_ian_center_51.png
2025-10-25 14:52:43,177 - INFO - Timestep 51 - Final center estimates:
  Pressure minimum center : 24.40°, -83.88°
  Eyewall-refined center   : 24.47°, -84.00°
  Offset distance          : ~14.4 km
2025-10-25 14:52:43,177 - INFO - Processing timestep 52
2025-10-25 14:52:43,179 - ERROR - Error processing timestep 52: NetCDF: HDF error
2025-10-25 14:52:43,179 - INFO - Processing timestep 53
2025-10-25 14:52:43,197 - INFO - Timestep 53 - Initial center (min surface pressure): 24.79°, -83.99°
2025-10-25 14:52:43,198 - INFO - Timestep 53 - Using 16 processes for 1681 candidates
2025-10-25 14:53:52,632 - INFO - Timestep 53 - Refined center (eyewall-based max tangential wind): 24.82°, -84.03°
2025-10-25 14:53:53,588 - INFO - Timestep 53 - Plot saved to figures\hurricane_ian_center_53.png
2025-10-25 14:53:53,592 - INFO - Timestep 53 - Final center estimates:
  Pressure minimum center : 24.79°, -83.99°
  Eyewall-refined center   : 24.82°, -84.03°
  Offset distance          : ~5.1 km
2025-10-25 14:53:53,592 - INFO - Processing timestep 54
2025-10-25 14:53:53,613 - INFO - Timestep 54 - Initial center (min surface pressure): 24.95°, -84.27°
2025-10-25 14:53:53,613 - INFO - Timestep 54 - Using 16 processes for 1681 candidates
2025-10-25 14:55:03,486 - INFO - Timestep 54 - Refined center (eyewall-based max tangential wind): 24.96°, -84.07°
2025-10-25 14:55:04,485 - INFO - Timestep 54 - Plot saved to figures\hurricane_ian_center_54.png
2025-10-25 14:55:04,486 - INFO - Timestep 54 - Final center estimates:
  Pressure minimum center : 24.95°, -84.27°
  Eyewall-refined center   : 24.96°, -84.07°
  Offset distance          : ~20.3 km
2025-10-25 14:55:04,487 - INFO - Processing timestep 55
2025-10-25 14:55:04,500 - INFO - Timestep 55 - Initial center (min surface pressure): 25.25°, -84.01°
2025-10-25 14:55:04,501 - INFO - Timestep 55 - Using 16 processes for 1681 candidates
2025-10-25 14:56:15,409 - INFO - Timestep 55 - Refined center (eyewall-based max tangential wind): 25.11°, -84.04°
2025-10-25 14:56:16,477 - INFO - Timestep 55 - Plot saved to figures\hurricane_ian_center_55.png
2025-10-25 14:56:16,479 - INFO - Timestep 55 - Final center estimates:
  Pressure minimum center : 25.25°, -84.01°
  Eyewall-refined center   : 25.11°, -84.04°
  Offset distance          : ~15.7 km
2025-10-25 14:56:16,479 - INFO - Processing timestep 56
2025-10-25 14:56:16,501 - INFO - Timestep 56 - Initial center (min surface pressure): 25.05°, -84.07°
2025-10-25 14:56:16,502 - INFO - Timestep 56 - Using 16 processes for 1681 candidates
2025-10-25 14:57:26,767 - INFO - Timestep 56 - Refined center (eyewall-based max tangential wind): 25.20°, -84.06°
2025-10-25 14:57:27,834 - INFO - Timestep 56 - Plot saved to figures\hurricane_ian_center_56.png
2025-10-25 14:57:27,836 - INFO - Timestep 56 - Final center estimates:
  Pressure minimum center : 25.05°, -84.07°
  Eyewall-refined center   : 25.20°, -84.06°
  Offset distance          : ~16.3 km
2025-10-25 14:57:27,837 - INFO - Processing timestep 57
2025-10-25 14:57:27,860 - INFO - Timestep 57 - Initial center (min surface pressure): 25.38°, -84.17°
2025-10-25 14:57:27,860 - INFO - Timestep 57 - Using 16 processes for 1681 candidates
2025-10-25 14:58:38,505 - INFO - Timestep 57 - Refined center (eyewall-based max tangential wind): 25.29°, -84.05°
2025-10-25 14:58:39,597 - INFO - Timestep 57 - Plot saved to figures\hurricane_ian_center_57.png
2025-10-25 14:58:39,600 - INFO - Timestep 57 - Final center estimates:
  Pressure minimum center : 25.38°, -84.17°
  Eyewall-refined center   : 25.29°, -84.05°
  Offset distance          : ~15.7 km
2025-10-25 14:58:39,600 - INFO - Processing timestep 58
2025-10-25 14:58:39,626 - INFO - Timestep 58 - Initial center (min surface pressure): 25.38°, -83.94°
2025-10-25 14:58:39,626 - INFO - Timestep 58 - Using 16 processes for 1681 candidates
2025-10-25 14:59:49,618 - INFO - Timestep 58 - Refined center (eyewall-based max tangential wind): 25.41°, -84.03°
2025-10-25 14:59:50,583 - INFO - Timestep 58 - Plot saved to figures\hurricane_ian_center_58.png
2025-10-25 14:59:50,585 - INFO - Timestep 58 - Final center estimates:
  Pressure minimum center : 25.38°, -83.94°
  Eyewall-refined center   : 25.41°, -84.03°
  Offset distance          : ~10.0 km
2025-10-25 14:59:50,587 - INFO - Processing timestep 59
2025-10-25 14:59:50,604 - INFO - Timestep 59 - Initial center (min surface pressure): 25.57°, -84.08°
2025-10-25 14:59:50,605 - INFO - Timestep 59 - Using 16 processes for 1681 candidates
2025-10-25 15:00:59,752 - INFO - Timestep 59 - Refined center (eyewall-based max tangential wind): 25.59°, -84.03°
2025-10-25 15:01:00,715 - INFO - Timestep 59 - Plot saved to figures\hurricane_ian_center_59.png
2025-10-25 15:01:00,717 - INFO - Timestep 59 - Final center estimates:
  Pressure minimum center : 25.57°, -84.08°
  Eyewall-refined center   : 25.59°, -84.03°
  Offset distance          : ~5.5 km
2025-10-25 15:01:00,718 - INFO - Processing timestep 60
2025-10-25 15:01:00,731 - INFO - Timestep 60 - Initial center (min surface pressure): 25.62°, -84.11°
2025-10-25 15:01:00,732 - INFO - Timestep 60 - Using 16 processes for 1681 candidates
2025-10-25 15:02:10,345 - INFO - Timestep 60 - Refined center (eyewall-based max tangential wind): 25.69°, -84.01°
2025-10-25 15:02:11,331 - INFO - Timestep 60 - Plot saved to figures\hurricane_ian_center_60.png
2025-10-25 15:02:11,333 - INFO - Timestep 60 - Final center estimates:
  Pressure minimum center : 25.62°, -84.11°
  Eyewall-refined center   : 25.69°, -84.01°
  Offset distance          : ~13.0 km
2025-10-25 15:02:11,333 - INFO - Processing timestep 61
2025-10-25 15:02:11,336 - ERROR - Error processing timestep 61: NetCDF: HDF error
2025-10-25 15:02:11,336 - INFO - Processing timestep 62
2025-10-25 15:02:11,355 - INFO - Timestep 62 - Initial center (min surface pressure): 26.01°, -83.89°
2025-10-25 15:02:11,355 - INFO - Timestep 62 - Using 16 processes for 1681 candidates
2025-10-25 15:03:21,117 - INFO - Timestep 62 - Refined center (eyewall-based max tangential wind): 26.03°, -83.97°
2025-10-25 15:03:22,221 - INFO - Timestep 62 - Plot saved to figures\hurricane_ian_center_62.png
2025-10-25 15:03:22,223 - INFO - Timestep 62 - Final center estimates:
  Pressure minimum center : 26.01°, -83.89°
  Eyewall-refined center   : 26.03°, -83.97°
  Offset distance          : ~8.4 km
2025-10-25 15:03:22,223 - INFO - Processing timestep 63
2025-10-25 15:03:22,244 - INFO - Timestep 63 - Initial center (min surface pressure): 26.06°, -84.02°
2025-10-25 15:03:22,245 - INFO - Timestep 63 - Using 16 processes for 1681 candidates
2025-10-25 15:04:33,111 - INFO - Timestep 63 - Refined center (eyewall-based max tangential wind): 26.12°, -83.99°
2025-10-25 15:04:34,198 - INFO - Timestep 63 - Plot saved to figures\hurricane_ian_center_63.png
2025-10-25 15:04:34,200 - INFO - Timestep 63 - Final center estimates:
  Pressure minimum center : 26.06°, -84.02°
  Eyewall-refined center   : 26.12°, -83.99°
  Offset distance          : ~8.1 km
2025-10-25 15:04:34,200 - INFO - Processing timestep 64
2025-10-25 15:04:34,221 - INFO - Timestep 64 - Initial center (min surface pressure): 26.28°, -84.06°
2025-10-25 15:04:34,221 - INFO - Timestep 64 - Using 16 processes for 1681 candidates
2025-10-25 15:05:44,877 - INFO - Timestep 64 - Refined center (eyewall-based max tangential wind): 26.20°, -83.97°
2025-10-25 15:05:45,984 - INFO - Timestep 64 - Plot saved to figures\hurricane_ian_center_64.png
2025-10-25 15:05:45,986 - INFO - Timestep 64 - Final center estimates:
  Pressure minimum center : 26.28°, -84.06°
  Eyewall-refined center   : 26.20°, -83.97°
  Offset distance          : ~12.2 km
2025-10-25 15:05:45,986 - INFO - Processing timestep 65
2025-10-25 15:05:45,988 - ERROR - Error processing timestep 65: NetCDF: HDF error
2025-10-25 15:05:45,988 - INFO - Processing timestep 66
2025-10-25 15:05:46,010 - INFO - Timestep 66 - Initial center (min surface pressure): 26.45°, -83.97°
2025-10-25 15:05:46,011 - INFO - Timestep 66 - Using 16 processes for 1681 candidates
2025-10-25 15:06:56,248 - INFO - Timestep 66 - Refined center (eyewall-based max tangential wind): 26.43°, -83.84°
2025-10-25 15:06:57,388 - INFO - Timestep 66 - Plot saved to figures\hurricane_ian_center_66.png
2025-10-25 15:06:57,390 - INFO - Timestep 66 - Final center estimates:
  Pressure minimum center : 26.45°, -83.97°
  Eyewall-refined center   : 26.43°, -83.84°
  Offset distance          : ~13.5 km
2025-10-25 15:06:57,390 - INFO - Processing timestep 67
2025-10-25 15:06:57,412 - INFO - Timestep 67 - Initial center (min surface pressure): 26.68°, -83.75°
2025-10-25 15:06:57,413 - INFO - Timestep 67 - Using 16 processes for 1681 candidates
2025-10-25 15:08:07,554 - INFO - Timestep 67 - Refined center (eyewall-based max tangential wind): 26.55°, -83.80°
2025-10-25 15:08:08,641 - INFO - Timestep 67 - Plot saved to figures\hurricane_ian_center_67.png
2025-10-25 15:08:08,643 - INFO - Timestep 67 - Final center estimates:
  Pressure minimum center : 26.68°, -83.75°
  Eyewall-refined center   : 26.55°, -83.80°
  Offset distance          : ~15.4 km
2025-10-25 15:08:08,643 - INFO - Processing timestep 68
2025-10-25 15:08:08,665 - INFO - Timestep 68 - Initial center (min surface pressure): 26.76°, -83.70°
2025-10-25 15:08:08,665 - INFO - Timestep 68 - Using 16 processes for 1681 candidates
2025-10-25 15:09:18,507 - INFO - Timestep 68 - Refined center (eyewall-based max tangential wind): 26.71°, -83.74°
2025-10-25 15:09:19,690 - INFO - Timestep 68 - Plot saved to figures\hurricane_ian_center_68.png
2025-10-25 15:09:19,692 - INFO - Timestep 68 - Final center estimates:
  Pressure minimum center : 26.76°, -83.70°
  Eyewall-refined center   : 26.71°, -83.74°
  Offset distance          : ~6.5 km
2025-10-25 15:09:19,692 - INFO - Processing timestep 69
2025-10-25 15:09:19,706 - INFO - Timestep 69 - Initial center (min surface pressure): 26.71°, -83.75°
2025-10-25 15:09:19,708 - INFO - Timestep 69 - Using 16 processes for 1681 candidates
2025-10-25 15:10:31,131 - INFO - Timestep 69 - Refined center (eyewall-based max tangential wind): 26.82°, -83.75°
2025-10-25 15:10:32,228 - INFO - Timestep 69 - Plot saved to figures\hurricane_ian_center_69.png
2025-10-25 15:10:32,230 - INFO - Timestep 69 - Final center estimates:
  Pressure minimum center : 26.71°, -83.75°
  Eyewall-refined center   : 26.82°, -83.75°
  Offset distance          : ~12.2 km
2025-10-25 15:10:32,230 - INFO - Processing timestep 70
2025-10-25 15:10:32,244 - INFO - Timestep 70 - Initial center (min surface pressure): 26.95°, -83.75°
2025-10-25 15:10:32,244 - INFO - Timestep 70 - Using 16 processes for 1681 candidates
2025-10-25 15:11:42,751 - INFO - Timestep 70 - Refined center (eyewall-based max tangential wind): 26.86°, -83.72°
2025-10-25 15:11:43,826 - INFO - Timestep 70 - Plot saved to figures\hurricane_ian_center_70.png
2025-10-25 15:11:43,828 - INFO - Timestep 70 - Final center estimates:
  Pressure minimum center : 26.95°, -83.75°
  Eyewall-refined center   : 26.86°, -83.72°
  Offset distance          : ~10.3 km
2025-10-25 15:11:43,828 - INFO - Processing timestep 71
2025-10-25 15:11:43,846 - INFO - Timestep 71 - Initial center (min surface pressure): 27.03°, -83.92°
2025-10-25 15:11:43,846 - INFO - Timestep 71 - Using 16 processes for 1681 candidates
2025-10-25 15:12:53,833 - INFO - Timestep 71 - Refined center (eyewall-based max tangential wind): 26.89°, -83.70°
2025-10-25 15:12:54,835 - INFO - Timestep 71 - Plot saved to figures\hurricane_ian_center_71.png
2025-10-25 15:12:54,837 - INFO - Timestep 71 - Final center estimates:
  Pressure minimum center : 27.03°, -83.92°
  Eyewall-refined center   : 26.89°, -83.70°
  Offset distance          : ~26.6 km
2025-10-25 15:12:54,837 - INFO - Processing timestep 72
2025-10-25 15:12:54,859 - INFO - Timestep 72 - Initial center (min surface pressure): 26.91°, -83.71°
2025-10-25 15:12:54,859 - INFO - Timestep 72 - Using 16 processes for 1681 candidates
2025-10-25 15:14:06,733 - INFO - Timestep 72 - Refined center (eyewall-based max tangential wind): 26.91°, -83.57°
2025-10-25 15:14:07,778 - INFO - Timestep 72 - Plot saved to figures\hurricane_ian_center_72.png
2025-10-25 15:14:07,780 - INFO - Timestep 72 - Final center estimates:
  Pressure minimum center : 26.91°, -83.71°
  Eyewall-refined center   : 26.91°, -83.57°
  Offset distance          : ~14.2 km
2025-10-25 15:14:07,781 - INFO - Script completed. Total elapsed time: 1356.52 seconds
